#
# There is insufficient memory for the Java Runtime Environment to continue.
# Native memory allocation (malloc) failed to allocate 1261936 bytes for Chunk::new
# Possible reasons:
#   The system is out of physical RAM or swap space
#   The process is running with CompressedOops enabled, and the Java Heap may be blocking the growth of the native heap
# Possible solutions:
#   Reduce memory load on the system
#   Increase physical memory or swap space
#   Check if swap backing store is full
#   Decrease Java heap size (-Xmx/-Xms)
#   Decrease number of Java threads
#   Decrease Java thread stack sizes (-Xss)
#   Set larger code cache with -XX:ReservedCodeCacheSize=
#   JVM is running with Unscaled Compressed Oops mode in which the Java heap is
#     placed in the first 4GB address space. The Java Heap base address is the
#     maximum limit for the native heap growth. Please use -XX:HeapBaseMinAddress
#     to set the Java Heap base and to place the Java Heap above 4GB virtual address.
# This output file may be truncated or incomplete.
#
#  Out of Memory Error (allocation.cpp:389), pid=42140, tid=0x0000000000001fc0
#
# JRE version: Java(TM) SE Runtime Environment (8.0_202-b08) (build 1.8.0_202-b08)
# Java VM: Java HotSpot(TM) 64-Bit Server VM (25.202-b08 mixed mode windows-amd64 compressed oops)
# Failed to write core dump. Minidumps are not enabled by default on client versions of Windows
#

---------------  T H R E A D  ---------------

Current thread (0x0000000019ebf800):  JavaThread "C2 CompilerThread0" daemon [_thread_in_native, id=8128, stack(0x000000001a7c0000,0x000000001a8c0000)]

Stack: [0x000000001a7c0000,0x000000001a8c0000]
[error occurred during error reporting (printing stack bounds), id 0xc0000005]

Native frames: (J=compiled Java code, j=interpreted, Vv=VM code, C=native code)


Current CompileTask:
C2:   1429 2150   !   4       java.net.URLClassLoader$1::run (63 bytes)


---------------  P R O C E S S  ---------------

Java Threads: ( => current thread )
  0x0000000019f58800 JavaThread "Service Thread" daemon [_thread_blocked, id=8704, stack(0x000000001abc0000,0x000000001acc0000)]
  0x0000000019ece000 JavaThread "C1 CompilerThread3" daemon [_thread_in_native, id=6084, stack(0x000000001aac0000,0x000000001abc0000)]
  0x0000000019ec7000 JavaThread "C2 CompilerThread2" daemon [_thread_in_native, id=25540, stack(0x000000001a9c0000,0x000000001aac0000)]
  0x0000000019ec6800 JavaThread "C2 CompilerThread1" daemon [_thread_in_native, id=35660, stack(0x000000001a8c0000,0x000000001a9c0000)]
=>0x0000000019ebf800 JavaThread "C2 CompilerThread0" daemon [_thread_in_native, id=8128, stack(0x000000001a7c0000,0x000000001a8c0000)]
  0x0000000019ebc000 JavaThread "Attach Listener" daemon [_thread_blocked, id=3752, stack(0x000000001a6c0000,0x000000001a7c0000)]
  0x0000000019ebb000 JavaThread "Signal Dispatcher" daemon [_thread_blocked, id=14072, stack(0x000000001a5c0000,0x000000001a6c0000)]
  0x0000000019eb1000 JavaThread "Finalizer" daemon [_thread_blocked, id=28980, stack(0x000000001a390000,0x000000001a490000)]
  0x00000000180cd000 JavaThread "Reference Handler" daemon [_thread_blocked, id=43244, stack(0x000000001a290000,0x000000001a390000)]
  0x00000000030f3800 JavaThread "main" [_thread_in_Java, id=38496, stack(0x0000000002ff0000,0x00000000030f0000)]

Other Threads:
  0x00000000180c7000 VMThread [stack: 0x0000000019d90000,0x0000000019e90000] [id=43424]
  0x0000000019f7b000 WatcherThread [stack: 0x000000001acc0000,0x000000001adc0000] [id=40140]

VM state:not at safepoint (normal execution)

VM Mutex/Monitor currently owned by a thread: None

heap address: 0x0000000082a00000, size: 2006 MB, Compressed Oops mode: 32-bit
Narrow klass base: 0x0000000000000000, Narrow klass shift: 3
Compressed class space size: 1073741824 Address: 0x0000000100000000

Heap:
 PSYoungGen      total 37888K, used 20889K [0x00000000d6380000, 0x00000000dad80000, 0x0000000100000000)
  eden space 32768K, 48% used [0x00000000d6380000,0x00000000d72ea5b8,0x00000000d8380000)
  from space 5120K, 99% used [0x00000000d8380000,0x00000000d887c010,0x00000000d8880000)
  to   space 5120K, 0% used [0x00000000da880000,0x00000000da880000,0x00000000dad80000)
 ParOldGen       total 86016K, used 5267K [0x0000000082a00000, 0x0000000087e00000, 0x00000000d6380000)
  object space 86016K, 6% used [0x0000000082a00000,0x0000000082f24d70,0x0000000087e00000)
 Metaspace       used 18851K, capacity 19604K, committed 19840K, reserved 1067008K
  class space    used 2377K, capacity 2565K, committed 2688K, reserved 1048576K

Card table byte_map: [0x00000000126b0000,0x0000000012aa0000] byte_map_base: 0x000000001229b000

Marking Bits: (ParMarkBitMap*) 0x0000000059885ce0
 Begin Bits: [0x0000000013440000, 0x0000000015398000)
 End Bits:   [0x0000000015398000, 0x00000000172f0000)

Polling page: 0x00000000015e0000

CodeCache: size=245760Kb used=7444Kb max_used=7444Kb free=238315Kb
 bounds [0x00000000032f0000, 0x0000000003a40000, 0x00000000122f0000]
 total_blobs=2665 nmethods=2274 adapters=302
 compilation: enabled

Compilation events (10 events):
Event: 1.424 Thread 0x0000000019ece000 nmethod 2267 0x0000000003a33350 code [0x0000000003a334e0, 0x0000000003a33968]
Event: 1.424 Thread 0x0000000019ece000 2277       1       java.lang.reflect.Constructor::getConstructorAccessor (5 bytes)
Event: 1.424 Thread 0x0000000019ece000 nmethod 2277 0x0000000003a33b90 code [0x0000000003a33ce0, 0x0000000003a33df0]
Event: 1.424 Thread 0x0000000019ece000 2278       3       java.lang.invoke.BoundMethodHandle$Species_L::make (11 bytes)
Event: 1.424 Thread 0x0000000019ece000 nmethod 2278 0x0000000003a33e50 code [0x0000000003a33fc0, 0x0000000003a34228]
Event: 1.425 Thread 0x0000000019ece000 2279       3       sun.reflect.ConstructorAccessorImpl::<init> (5 bytes)
Event: 1.425 Thread 0x0000000019ece000 nmethod 2279 0x0000000003a34350 code [0x0000000003a344c0, 0x0000000003a346d0]
Event: 1.426 Thread 0x0000000019ece000 2280       3       java.lang.invoke.AbstractValidatingLambdaMetafactory::isAdaptableTo (126 bytes)
Event: 1.427 Thread 0x0000000019ece000 nmethod 2280 0x0000000003a34790 code [0x0000000003a34a00, 0x0000000003a35908]
Event: 1.427 Thread 0x0000000019ece000 2281       3       org.eclipse.sisu.inject.DefaultBeanLocator::fetchBindings (87 bytes)

GC Heap History (6 events):
Event: 0.476 GC heap before
{Heap before GC invocations=1 (full 0):
 PSYoungGen      total 37888K, used 32768K [0x00000000d6380000, 0x00000000d8d80000, 0x0000000100000000)
  eden space 32768K, 100% used [0x00000000d6380000,0x00000000d8380000,0x00000000d8380000)
  from space 5120K, 0% used [0x00000000d8880000,0x00000000d8880000,0x00000000d8d80000)
  to   space 5120K, 0% used [0x00000000d8380000,0x00000000d8380000,0x00000000d8880000)
 ParOldGen       total 86016K, used 0K [0x0000000082a00000, 0x0000000087e00000, 0x00000000d6380000)
  object space 86016K, 0% used [0x0000000082a00000,0x0000000082a00000,0x0000000087e00000)
 Metaspace       used 10030K, capacity 10254K, committed 10368K, reserved 1058816K
  class space    used 1247K, capacity 1363K, committed 1408K, reserved 1048576K
Event: 0.480 GC heap after
Heap after GC invocations=1 (full 0):
 PSYoungGen      total 37888K, used 5090K [0x00000000d6380000, 0x00000000d8d80000, 0x0000000100000000)
  eden space 32768K, 0% used [0x00000000d6380000,0x00000000d6380000,0x00000000d8380000)
  from space 5120K, 99% used [0x00000000d8380000,0x00000000d8878910,0x00000000d8880000)
  to   space 5120K, 0% used [0x00000000d8880000,0x00000000d8880000,0x00000000d8d80000)
 ParOldGen       total 86016K, used 768K [0x0000000082a00000, 0x0000000087e00000, 0x00000000d6380000)
  object space 86016K, 0% used [0x0000000082a00000,0x0000000082ac00e8,0x0000000087e00000)
 Metaspace       used 10030K, capacity 10254K, committed 10368K, reserved 1058816K
  class space    used 1247K, capacity 1363K, committed 1408K, reserved 1048576K
}
Event: 0.743 GC heap before
{Heap before GC invocations=2 (full 0):
 PSYoungGen      total 37888K, used 37858K [0x00000000d6380000, 0x00000000d8d80000, 0x0000000100000000)
  eden space 32768K, 100% used [0x00000000d6380000,0x00000000d8380000,0x00000000d8380000)
  from space 5120K, 99% used [0x00000000d8380000,0x00000000d8878910,0x00000000d8880000)
  to   space 5120K, 0% used [0x00000000d8880000,0x00000000d8880000,0x00000000d8d80000)
 ParOldGen       total 86016K, used 768K [0x0000000082a00000, 0x0000000087e00000, 0x00000000d6380000)
  object space 86016K, 0% used [0x0000000082a00000,0x0000000082ac00e8,0x0000000087e00000)
 Metaspace       used 12571K, capacity 12874K, committed 13056K, reserved 1060864K
  class space    used 1559K, capacity 1665K, committed 1792K, reserved 1048576K
Event: 0.748 GC heap after
Heap after GC invocations=2 (full 0):
 PSYoungGen      total 37888K, used 5106K [0x00000000d6380000, 0x00000000dad80000, 0x0000000100000000)
  eden space 32768K, 0% used [0x00000000d6380000,0x00000000d6380000,0x00000000d8380000)
  from space 5120K, 99% used [0x00000000d8880000,0x00000000d8d7c918,0x00000000d8d80000)
  to   space 5120K, 0% used [0x00000000d8380000,0x00000000d8380000,0x00000000d8880000)
 ParOldGen       total 86016K, used 2545K [0x0000000082a00000, 0x0000000087e00000, 0x00000000d6380000)
  object space 86016K, 2% used [0x0000000082a00000,0x0000000082c7c7d0,0x0000000087e00000)
 Metaspace       used 12571K, capacity 12874K, committed 13056K, reserved 1060864K
  class space    used 1559K, capacity 1665K, committed 1792K, reserved 1048576K
}
Event: 1.173 GC heap before
{Heap before GC invocations=3 (full 0):
 PSYoungGen      total 37888K, used 37874K [0x00000000d6380000, 0x00000000dad80000, 0x0000000100000000)
  eden space 32768K, 100% used [0x00000000d6380000,0x00000000d8380000,0x00000000d8380000)
  from space 5120K, 99% used [0x00000000d8880000,0x00000000d8d7c918,0x00000000d8d80000)
  to   space 5120K, 0% used [0x00000000d8380000,0x00000000d8380000,0x00000000d8880000)
 ParOldGen       total 86016K, used 2545K [0x0000000082a00000, 0x0000000087e00000, 0x00000000d6380000)
  object space 86016K, 2% used [0x0000000082a00000,0x0000000082c7c7d0,0x0000000087e00000)
 Metaspace       used 16487K, capacity 16982K, committed 17152K, reserved 1064960K
  class space    used 2106K, capacity 2272K, committed 2304K, reserved 1048576K
Event: 1.181 GC heap after
Heap after GC invocations=3 (full 0):
 PSYoungGen      total 37888K, used 5104K [0x00000000d6380000, 0x00000000dad80000, 0x0000000100000000)
  eden space 32768K, 0% used [0x00000000d6380000,0x00000000d6380000,0x00000000d8380000)
  from space 5120K, 99% used [0x00000000d8380000,0x00000000d887c010,0x00000000d8880000)
  to   space 5120K, 0% used [0x00000000da880000,0x00000000da880000,0x00000000dad80000)
 ParOldGen       total 86016K, used 5267K [0x0000000082a00000, 0x0000000087e00000, 0x00000000d6380000)
  object space 86016K, 6% used [0x0000000082a00000,0x0000000082f24d70,0x0000000087e00000)
 Metaspace       used 16487K, capacity 16982K, committed 17152K, reserved 1064960K
  class space    used 2106K, capacity 2272K, committed 2304K, reserved 1048576K
}

Deoptimization events (10 events):
Event: 1.260 Thread 0x00000000030f3800 Uncommon trap: reason=unstable_if action=reinterpret pc=0x000000000361e1d4 method=sun.nio.cs.StreamDecoder.implRead([CII)I @ 36
Event: 1.283 Thread 0x00000000030f3800 Uncommon trap: reason=class_check action=maybe_recompile pc=0x000000000399b194 method=java.util.regex.Pattern$7.isSatisfiedBy(I)Z @ 5
Event: 1.283 Thread 0x00000000030f3800 Uncommon trap: reason=class_check action=maybe_recompile pc=0x000000000399b194 method=java.util.regex.Pattern$7.isSatisfiedBy(I)Z @ 5
Event: 1.283 Thread 0x00000000030f3800 Uncommon trap: reason=class_check action=maybe_recompile pc=0x000000000399b194 method=java.util.regex.Pattern$7.isSatisfiedBy(I)Z @ 5
Event: 1.283 Thread 0x00000000030f3800 Uncommon trap: reason=class_check action=maybe_recompile pc=0x000000000399b194 method=java.util.regex.Pattern$7.isSatisfiedBy(I)Z @ 5
Event: 1.283 Thread 0x00000000030f3800 Uncommon trap: reason=class_check action=maybe_recompile pc=0x0000000003665270 method=java.util.regex.Pattern$7.isSatisfiedBy(I)Z @ 5
Event: 1.328 Thread 0x00000000030f3800 Uncommon trap: reason=unstable_if action=reinterpret pc=0x0000000003481d94 method=java.lang.String.replace(CC)Ljava/lang/String; @ 2
Event: 1.399 Thread 0x00000000030f3800 Uncommon trap: reason=bimorphic action=maybe_recompile pc=0x00000000039aa540 method=java.util.regex.Pattern$CharProperty.match(Ljava/util/regex/Matcher;ILjava/lang/CharSequence;)Z @ 37
Event: 1.400 Thread 0x00000000030f3800 Uncommon trap: reason=bimorphic action=maybe_recompile pc=0x00000000039aa540 method=java.util.regex.Pattern$CharProperty.match(Ljava/util/regex/Matcher;ILjava/lang/CharSequence;)Z @ 37
Event: 1.405 Thread 0x00000000030f3800 Uncommon trap: reason=unstable_if action=reinterpret pc=0x00000000036023f8 method=sun.nio.cs.UTF_8$Decoder.decodeArrayLoop(Ljava/nio/ByteBuffer;Ljava/nio/CharBuffer;)Ljava/nio/charset/CoderResult; @ 84

Classes redefined (0 events):
No events

Internal exceptions (10 events):
Event: 0.378 Thread 0x00000000030f3800 Exception <a 'java/lang/NoSuchMethodError': java.lang.Object.lambda$comparing$ea9a8b3a$1(Ljava/util/Comparator;Ljava/util/function/Function;Ljava/lang/Object;Ljava/lang/Object;)I> (0x00000000d7797bd0) thrown at [C:\re\workspace\8-2-build-windows-amd64-cyg
Event: 0.379 Thread 0x00000000030f3800 Exception <a 'java/lang/NoSuchMethodError': java.lang.Object.lambda$thenComparing$36697e65$1(Ljava/util/Comparator;Ljava/lang/Object;Ljava/lang/Object;)I> (0x00000000d779f7e8) thrown at [C:\re\workspace\8-2-build-windows-amd64-cygwin\jdk8u202\12323\hotspo
Event: 0.419 Thread 0x00000000030f3800 Exception <a 'java/lang/ArrayIndexOutOfBoundsException'> (0x00000000d7aeed00) thrown at [C:\re\workspace\8-2-build-windows-amd64-cygwin\jdk8u202\12323\hotspot\src\share\vm\runtime\sharedRuntime.cpp, line 605]
Event: 0.425 Thread 0x00000000030f3800 Exception <a 'java/lang/ArrayIndexOutOfBoundsException'> (0x00000000d7b56e18) thrown at [C:\re\workspace\8-2-build-windows-amd64-cygwin\jdk8u202\12323\hotspot\src\share\vm\runtime\sharedRuntime.cpp, line 605]
Event: 0.427 Thread 0x00000000030f3800 Exception <a 'java/lang/NoClassDefFoundError': javax/enterprise/inject/Typed> (0x00000000d7b86788) thrown at [C:\re\workspace\8-2-build-windows-amd64-cygwin\jdk8u202\12323\hotspot\src\share\vm\classfile\systemDictionary.cpp, line 199]
Event: 0.487 Thread 0x00000000030f3800 Exception <a 'java/lang/ArrayIndexOutOfBoundsException'> (0x00000000d6487828) thrown at [C:\re\workspace\8-2-build-windows-amd64-cygwin\jdk8u202\12323\hotspot\src\share\vm\runtime\sharedRuntime.cpp, line 605]
Event: 0.487 Thread 0x00000000030f3800 Exception <a 'java/lang/ArrayIndexOutOfBoundsException'> (0x00000000d64893b8) thrown at [C:\re\workspace\8-2-build-windows-amd64-cygwin\jdk8u202\12323\hotspot\src\share\vm\runtime\sharedRuntime.cpp, line 605]
Event: 0.968 Thread 0x00000000030f3800 Implicit null exception at 0x00000000036a0ccc to 0x00000000036a0e79
Event: 1.136 Thread 0x00000000030f3800 Exception <a 'java/lang/NoClassDefFoundError': com/google/inject/servlet/ServletModuleTargetVisitor> (0x00000000d81a6028) thrown at [C:\re\workspace\8-2-build-windows-amd64-cygwin\jdk8u202\12323\hotspot\src\share\vm\classfile\systemDictionary.cpp, line 19
Event: 1.136 Thread 0x00000000030f3800 Exception <a 'java/lang/NoClassDefFoundError'> (0x00000000d81a6028) thrown at [C:\re\workspace\8-2-build-windows-amd64-cygwin\jdk8u202\12323\hotspot\src\share\vm\prims\jvm.cpp, line 1506]

Events (10 events):
Event: 1.427 loading class org/eclipse/aether/artifact/Artifact
Event: 1.427 loading class org/eclipse/aether/artifact/Artifact done
Event: 1.427 loading class org/eclipse/aether/artifact/Artifact
Event: 1.427 loading class org/eclipse/aether/artifact/Artifact done
Event: 1.427 loading class org/eclipse/aether/artifact/Artifact
Event: 1.427 loading class org/eclipse/aether/artifact/Artifact done
Event: 1.428 loading class org/eclipse/aether/graph/Dependency
Event: 1.428 loading class org/eclipse/aether/graph/Dependency done
Event: 1.428 loading class org/eclipse/aether/graph/Dependency
Event: 1.428 loading class org/eclipse/aether/graph/Dependency done


Dynamic libraries:
0x00007ff6fddf0000 - 0x00007ff6fde27000 	C:\Program Files\Java\jdk1.8.0_202\bin\java.exe
0x00007ff90bcf0000 - 0x00007ff90bf07000 	C:\WINDOWS\SYSTEM32\ntdll.dll
0x00007ff90b480000 - 0x00007ff90b544000 	C:\WINDOWS\System32\KERNEL32.DLL
0x00007ff9092b0000 - 0x00007ff909656000 	C:\WINDOWS\System32\KERNELBASE.dll
0x00007ff90b560000 - 0x00007ff90b611000 	C:\WINDOWS\System32\ADVAPI32.dll
0x00007ff90aa20000 - 0x00007ff90aac7000 	C:\WINDOWS\System32\msvcrt.dll
0x00007ff909fb0000 - 0x00007ff90a055000 	C:\WINDOWS\System32\sechost.dll
0x00007ff909e90000 - 0x00007ff909fa7000 	C:\WINDOWS\System32\RPCRT4.dll
0x00007ff90b740000 - 0x00007ff90b8ee000 	C:\WINDOWS\System32\USER32.dll
0x00007ff909030000 - 0x00007ff909056000 	C:\WINDOWS\System32\win32u.dll
0x00007ff90a9f0000 - 0x00007ff90aa19000 	C:\WINDOWS\System32\GDI32.dll
0x00007ff909870000 - 0x00007ff909988000 	C:\WINDOWS\System32\gdi32full.dll
0x00007ff9097d0000 - 0x00007ff90986a000 	C:\WINDOWS\System32\msvcp_win.dll
0x00007ff909190000 - 0x00007ff9092a1000 	C:\WINDOWS\System32\ucrtbase.dll
0x00007ff8eab90000 - 0x00007ff8eae23000 	C:\WINDOWS\WinSxS\amd64_microsoft.windows.common-controls_6595b64144ccf1df_6.0.22621.2506_none_270c5ae97388e100\COMCTL32.dll
0x00007ff90bc40000 - 0x00007ff90bc71000 	C:\WINDOWS\System32\IMM32.DLL
0x00007ff8eaa80000 - 0x00007ff8eab88000 	C:\Program Files (x86)\Citrix\ICA Client\epclient64.dll
0x00007ff908100000 - 0x00007ff908134000 	C:\WINDOWS\SYSTEM32\ntmarta.dll
0x00007ff9089c0000 - 0x00007ff9089e8000 	C:\WINDOWS\SYSTEM32\bcrypt.dll
0x00007ff909990000 - 0x00007ff909a0a000 	C:\WINDOWS\System32\bcryptprimitives.dll
0x0000000059910000 - 0x00000000599e2000 	C:\Program Files\Java\jdk1.8.0_202\jre\bin\msvcr100.dll
0x0000000059060000 - 0x0000000059905000 	C:\Program Files\Java\jdk1.8.0_202\jre\bin\server\jvm.dll
0x00007ff90b6b0000 - 0x00007ff90b6b8000 	C:\WINDOWS\System32\PSAPI.DLL
0x00007ff902810000 - 0x00007ff902819000 	C:\WINDOWS\SYSTEM32\WSOCK32.dll
0x00007ff90a060000 - 0x00007ff90a0d1000 	C:\WINDOWS\System32\WS2_32.dll
0x00007ff901b10000 - 0x00007ff901b44000 	C:\WINDOWS\SYSTEM32\WINMM.dll
0x00007ff901560000 - 0x00007ff90156a000 	C:\WINDOWS\SYSTEM32\VERSION.dll
0x00007ff8fddd0000 - 0x00007ff8fdddf000 	C:\Program Files\Java\jdk1.8.0_202\jre\bin\verify.dll
0x00007ff8d6520000 - 0x00007ff8d6549000 	C:\Program Files\Java\jdk1.8.0_202\jre\bin\java.dll
0x00007ff8fd8c0000 - 0x00007ff8fd8d6000 	C:\Program Files\Java\jdk1.8.0_202\jre\bin\zip.dll
0x00007ff90a190000 - 0x00007ff90a9ea000 	C:\WINDOWS\System32\SHELL32.dll
0x00007ff906f00000 - 0x00007ff9077f6000 	C:\WINDOWS\SYSTEM32\windows.storage.dll
0x00007ff90ae70000 - 0x00007ff90b1f9000 	C:\WINDOWS\System32\combase.dll
0x00007ff906dc0000 - 0x00007ff906efe000 	C:\WINDOWS\SYSTEM32\wintypes.dll
0x00007ff90b380000 - 0x00007ff90b473000 	C:\WINDOWS\System32\SHCORE.dll
0x00007ff90ada0000 - 0x00007ff90adfe000 	C:\WINDOWS\System32\shlwapi.dll
0x00007ff908f60000 - 0x00007ff908f86000 	C:\WINDOWS\SYSTEM32\profapi.dll
0x00007ff8fab40000 - 0x00007ff8fab5a000 	C:\Program Files\Java\jdk1.8.0_202\jre\bin\net.dll
0x00007ff8f6fc0000 - 0x00007ff8f71b0000 	C:\WINDOWS\SYSTEM32\urlmon.dll
0x00007ff8f50d0000 - 0x00007ff8f538c000 	C:\WINDOWS\SYSTEM32\iertutil.dll
0x00007ff8f5390000 - 0x00007ff8f53b8000 	C:\WINDOWS\SYSTEM32\srvcli.dll
0x00007ff907d70000 - 0x00007ff907d7c000 	C:\WINDOWS\SYSTEM32\netutils.dll
0x00007ff908560000 - 0x00007ff9085c9000 	C:\WINDOWS\system32\mswsock.dll
0x00007ff8fa790000 - 0x00007ff8fa7a2000 	C:\Program Files\Java\jdk1.8.0_202\jre\bin\nio.dll
0x0000000069ac0000 - 0x0000000069ae4000 	C:\Program Files\NetBeans-19\netbeans\java\maven\lib\jansi-native\Windows\x86_64\jansi.dll

VM Arguments:
jvm_args: -Dclassworlds.conf=C:\Program Files\NetBeans-19\netbeans\java\maven\bin\m2.conf -Dmaven.home=C:\Program Files\NetBeans-19\netbeans\java\maven -Dlibrary.jansi.path=C:\Program Files\NetBeans-19\netbeans\java\maven\lib\jansi-native -Dmaven.multiModuleProjectDirectory=C:\Java\Netbeans\FactorSeguroDeVida\FactorSeguroDeVida 
java_command: org.codehaus.plexus.classworlds.launcher.Launcher -Dexec.vmArgs= -Dexec.args=${exec.vmArgs} -classpath %classpath ${exec.mainClass} ${exec.appArgs} -Dexec.appArgs= -Dexec.mainClass=FactorSeguroDeVida -Dexec.executable=C:\Program Files\Java\jdk1.8.0_202\bin\java.exe -Dmaven.ext.class.path=C:\Program Files\NetBeans-19\netbeans\java\maven-nblib\netbeans-eventspy.jar -Dfile.encoding=UTF-8 --no-transfer-progress process-classes org.codehaus.mojo:exec-maven-plugin:3.1.0:exec
java_class_path (initial): C:\Program Files\NetBeans-19\netbeans\java\maven\boot\plexus-classworlds-2.7.0.jar
Launcher Type: SUN_STANDARD

Environment Variables:
JAVA_HOME=C:\Program Files\Java\jdk1.8.0_202
PATH=C:\oracleXE\dbhomeXE\bin;C:\Program Files (x86)\Common Files\Oracle\Java\javapath;C:\Program Files\Python310\Scripts\;C:\Program Files\Python310\;C:\Program Files\Common Files\Oracle\Java\javapath;C:\Windows\system32;C:\Windows;C:\Windows\System32\Wbem;C:\Windows\System32\WindowsPowerShell\v1.0\;C:\Windows\System32\OpenSSH\;C:\Program Files (x86)\NVIDIA Corporation\PhysX\Common;C:\Program Files\NVIDIA Corporation\NVIDIA NvDLISR;C:\WINDOWS\system32;C:\WINDOWS;C:\WINDOWS\System32\Wbem;C:\WINDOWS\System32\WindowsPowerShell\v1.0\;C:\WINDOWS\System32\OpenSSH\;C:\Java\JDK1.7.0.2\bin;C:\Program Files\Microsoft SQL Server\Client SDK\ODBC\130\Tools\Binn\;C:\Program Files\Azure Data Studio\bin;C:\Program Files\nodejs\;C:\Program Files\Microsoft SQL Server\Client SDK\ODBC\170\Tools\Binn\;C:\Program Files (x86)\Microsoft SQL Server\150\Tools\Binn\;C:\Program Files\Microsoft SQL Server\150\Tools\Binn\;C:\Program Files\Microsoft SQL Server\150\DTS\Binn\;C:\Program Files (x86)\Microsoft SQL Server\160\DTS\Binn\;C:\Program Files\Microsoft SQL Server\130\Tools\Binn\;C:\Program Files (x86)\dotnet\;C:\Program Files\dotnet\;C:\Program Files\Git\cmd;"C:\Users\C_CAR\AppData\Local\Microsoft\WindowsApps;C:\Java\JDK1.7.0.2\bin";C:\Program Files\Azure Data Studio\bin;C:\Users\C_CAR\AppData\Roaming\npm;C:\Users\C_CAR\AppData\Local\atom\bin;C:\Users\C_CAR\AppData\Local\Microsoft\WindowsApps;C:\Users\C_CAR\.dotnet\tools;C:\Users\C_CAR\AppData\Local\Programs\Microsoft VS Code\bin
USERNAME=C_CAR
OS=Windows_NT
PROCESSOR_IDENTIFIER=Intel64 Family 6 Model 165 Stepping 2, GenuineIntel



---------------  S Y S T E M  ---------------

OS: Windows 10.0 , 64 bit Build 22621 (10.0.22621.2506)

CPU:total 8 (initial active 8) (4 cores per cpu, 2 threads per core) family 6 model 165 stepping 2, cmov, cx8, fxsr, mmx, sse, sse2, sse3, ssse3, sse4.1, sse4.2, popcnt, avx, avx2, aes, clmul, erms, 3dnowpref, lzcnt, ht, tsc, tscinvbit, bmi1, bmi2, adx

Memory: 4k page, physical 8215604k(478592k free), swap 33381428k(6248k free)

vm_info: Java HotSpot(TM) 64-Bit Server VM (25.202-b08) for windows-amd64 JRE (1.8.0_202-b08), built on Dec 15 2018 19:54:30 by "java_re" with MS VC++ 10.0 (VS2010)

time: Thu Jan 04 22:20:15 2024
timezone: Hora est. Pacífico, Sudamérica
elapsed time: 1 seconds (0d 0h 0m 1s)

