#
# There is insufficient memory for the Java Runtime Environment to continue.
# Native memory allocation (malloc) failed to allocate 2008848 bytes for Chunk::new
# Possible reasons:
#   The system is out of physical RAM or swap space
#   The process is running with CompressedOops enabled, and the Java Heap may be blocking the growth of the native heap
# Possible solutions:
#   Reduce memory load on the system
#   Increase physical memory or swap space
#   Check if swap backing store is full
#   Decrease Java heap size (-Xmx/-Xms)
#   Decrease number of Java threads
#   Decrease Java thread stack sizes (-Xss)
#   Set larger code cache with -XX:ReservedCodeCacheSize=
#   JVM is running with Unscaled Compressed Oops mode in which the Java heap is
#     placed in the first 4GB address space. The Java Heap base address is the
#     maximum limit for the native heap growth. Please use -XX:HeapBaseMinAddress
#     to set the Java Heap base and to place the Java Heap above 4GB virtual address.
# This output file may be truncated or incomplete.
#
#  Out of Memory Error (allocation.cpp:389), pid=40432, tid=0x000000000000a3f8
#
# JRE version: Java(TM) SE Runtime Environment (8.0_202-b08) (build 1.8.0_202-b08)
# Java VM: Java HotSpot(TM) 64-Bit Server VM (25.202-b08 mixed mode windows-amd64 compressed oops)
# Failed to write core dump. Minidumps are not enabled by default on client versions of Windows
#

---------------  T H R E A D  ---------------

Current thread (0x000000001913f800):  JavaThread "C2 CompilerThread1" daemon [_thread_in_native, id=41976, stack(0x0000000019b40000,0x0000000019c40000)]

Stack: [0x0000000019b40000,0x0000000019c40000]
[error occurred during error reporting (printing stack bounds), id 0xc0000005]

Native frames: (J=compiled Java code, j=interpreted, Vv=VM code, C=native code)


Current CompileTask:
C2:   2043 2178   !   4       java.net.URLClassLoader$1::run (63 bytes)


---------------  P R O C E S S  ---------------

Java Threads: ( => current thread )
  0x00000000191d4000 JavaThread "Service Thread" daemon [_thread_blocked, id=26400, stack(0x0000000019e40000,0x0000000019f40000)]
  0x0000000019146800 JavaThread "C1 CompilerThread3" daemon [_thread_blocked, id=18016, stack(0x0000000019d40000,0x0000000019e40000)]
  0x0000000019142800 JavaThread "C2 CompilerThread2" daemon [_thread_in_native, id=24684, stack(0x0000000019c40000,0x0000000019d40000)]
=>0x000000001913f800 JavaThread "C2 CompilerThread1" daemon [_thread_in_native, id=41976, stack(0x0000000019b40000,0x0000000019c40000)]
  0x000000001913c800 JavaThread "C2 CompilerThread0" daemon [_thread_in_native, id=15588, stack(0x0000000019a40000,0x0000000019b40000)]
  0x0000000019139800 JavaThread "Attach Listener" daemon [_thread_blocked, id=44788, stack(0x0000000019940000,0x0000000019a40000)]
  0x0000000019138800 JavaThread "Signal Dispatcher" daemon [_thread_blocked, id=42772, stack(0x0000000019840000,0x0000000019940000)]
  0x0000000019131000 JavaThread "Finalizer" daemon [_thread_blocked, id=41040, stack(0x0000000019610000,0x0000000019710000)]
  0x0000000019130800 JavaThread "Reference Handler" daemon [_thread_blocked, id=32064, stack(0x0000000019510000,0x0000000019610000)]
  0x0000000002373800 JavaThread "main" [_thread_in_vm, id=17856, stack(0x0000000002270000,0x0000000002370000)]

Other Threads:
  0x0000000017347800 VMThread [stack: 0x0000000019010000,0x0000000019110000] [id=4160]
  0x00000000191f6800 WatcherThread [stack: 0x0000000019f40000,0x000000001a040000] [id=11848]

VM state:not at safepoint (normal execution)

VM Mutex/Monitor currently owned by a thread: None

heap address: 0x0000000082a00000, size: 2006 MB, Compressed Oops mode: 32-bit
Narrow klass base: 0x0000000000000000, Narrow klass shift: 3
Compressed class space size: 1073741824 Address: 0x0000000100000000

Heap:
 PSYoungGen      total 37888K, used 35360K [0x00000000d6380000, 0x00000000dad80000, 0x0000000100000000)
  eden space 32768K, 92% used [0x00000000d6380000,0x00000000d810ac18,0x00000000d8380000)
  from space 5120K, 99% used [0x00000000d8380000,0x00000000d887d5e8,0x00000000d8880000)
  to   space 5120K, 0% used [0x00000000da880000,0x00000000da880000,0x00000000dad80000)
 ParOldGen       total 86016K, used 5370K [0x0000000082a00000, 0x0000000087e00000, 0x00000000d6380000)
  object space 86016K, 6% used [0x0000000082a00000,0x0000000082f3eb78,0x0000000087e00000)
 Metaspace       used 19308K, capacity 20044K, committed 20352K, reserved 1067008K
  class space    used 2420K, capacity 2601K, committed 2688K, reserved 1048576K

Card table byte_map: [0x0000000011930000,0x0000000011d20000] byte_map_base: 0x000000001151b000

Marking Bits: (ParMarkBitMap*) 0x0000000059885ce0
 Begin Bits: [0x00000000126c0000, 0x0000000014618000)
 End Bits:   [0x0000000014618000, 0x0000000016570000)

Polling page: 0x0000000002190000

CodeCache: size=245760Kb used=8824Kb max_used=8824Kb free=236935Kb
 bounds [0x0000000002570000, 0x0000000002e20000, 0x0000000011570000]
 total_blobs=3069 nmethods=2675 adapters=303
 compilation: enabled

Compilation events (10 events):
Event: 2.037 Thread 0x0000000019146800 nmethod 2667 0x0000000002e04050 code [0x0000000002e041c0, 0x0000000002e04470]
Event: 2.037 Thread 0x0000000019146800 2668       3       java.util.regex.Pattern::access$200 (7 bytes)
Event: 2.037 Thread 0x0000000019146800 nmethod 2668 0x0000000002e03c10 code [0x0000000002e03d80, 0x0000000002e03fb0]
Event: 2.037 Thread 0x0000000019146800 2669       3       java.util.regex.Pattern::inRange (16 bytes)
Event: 2.037 Thread 0x0000000019146800 nmethod 2669 0x0000000002e03890 code [0x0000000002e039e0, 0x0000000002e03bb0]
Event: 2.037 Thread 0x0000000019146800 2670       1       org.eclipse.aether.DefaultRepositorySystemSession::getWorkspaceReader (5 bytes)
Event: 2.037 Thread 0x0000000019146800 nmethod 2670 0x0000000002e035d0 code [0x0000000002e03720, 0x0000000002e03830]
Event: 2.037 Thread 0x0000000019146800 2671       1       org.eclipse.aether.resolution.ArtifactRequest::getArtifact (5 bytes)
Event: 2.037 Thread 0x0000000019146800 nmethod 2671 0x0000000002e03310 code [0x0000000002e03460, 0x0000000002e03570]
Event: 2.040 Thread 0x0000000019146800 2672   !   3       java.io.WinNTFileSystem::resolve (362 bytes)

GC Heap History (6 events):
Event: 0.552 GC heap before
{Heap before GC invocations=1 (full 0):
 PSYoungGen      total 37888K, used 32768K [0x00000000d6380000, 0x00000000d8d80000, 0x0000000100000000)
  eden space 32768K, 100% used [0x00000000d6380000,0x00000000d8380000,0x00000000d8380000)
  from space 5120K, 0% used [0x00000000d8880000,0x00000000d8880000,0x00000000d8d80000)
  to   space 5120K, 0% used [0x00000000d8380000,0x00000000d8380000,0x00000000d8880000)
 ParOldGen       total 86016K, used 0K [0x0000000082a00000, 0x0000000087e00000, 0x00000000d6380000)
  object space 86016K, 0% used [0x0000000082a00000,0x0000000082a00000,0x0000000087e00000)
 Metaspace       used 10019K, capacity 10222K, committed 10368K, reserved 1058816K
  class space    used 1242K, capacity 1331K, committed 1408K, reserved 1048576K
Event: 0.556 GC heap after
Heap after GC invocations=1 (full 0):
 PSYoungGen      total 37888K, used 5102K [0x00000000d6380000, 0x00000000d8d80000, 0x0000000100000000)
  eden space 32768K, 0% used [0x00000000d6380000,0x00000000d6380000,0x00000000d8380000)
  from space 5120K, 99% used [0x00000000d8380000,0x00000000d887b948,0x00000000d8880000)
  to   space 5120K, 0% used [0x00000000d8880000,0x00000000d8880000,0x00000000d8d80000)
 ParOldGen       total 86016K, used 789K [0x0000000082a00000, 0x0000000087e00000, 0x00000000d6380000)
  object space 86016K, 0% used [0x0000000082a00000,0x0000000082ac5748,0x0000000087e00000)
 Metaspace       used 10019K, capacity 10222K, committed 10368K, reserved 1058816K
  class space    used 1242K, capacity 1331K, committed 1408K, reserved 1048576K
}
Event: 0.835 GC heap before
{Heap before GC invocations=2 (full 0):
 PSYoungGen      total 37888K, used 37870K [0x00000000d6380000, 0x00000000d8d80000, 0x0000000100000000)
  eden space 32768K, 100% used [0x00000000d6380000,0x00000000d8380000,0x00000000d8380000)
  from space 5120K, 99% used [0x00000000d8380000,0x00000000d887b948,0x00000000d8880000)
  to   space 5120K, 0% used [0x00000000d8880000,0x00000000d8880000,0x00000000d8d80000)
 ParOldGen       total 86016K, used 789K [0x0000000082a00000, 0x0000000087e00000, 0x00000000d6380000)
  object space 86016K, 0% used [0x0000000082a00000,0x0000000082ac5748,0x0000000087e00000)
 Metaspace       used 12429K, capacity 12680K, committed 12928K, reserved 1060864K
  class space    used 1545K, capacity 1663K, committed 1664K, reserved 1048576K
Event: 0.841 GC heap after
Heap after GC invocations=2 (full 0):
 PSYoungGen      total 37888K, used 5089K [0x00000000d6380000, 0x00000000dad80000, 0x0000000100000000)
  eden space 32768K, 0% used [0x00000000d6380000,0x00000000d6380000,0x00000000d8380000)
  from space 5120K, 99% used [0x00000000d8880000,0x00000000d8d78738,0x00000000d8d80000)
  to   space 5120K, 0% used [0x00000000d8380000,0x00000000d8380000,0x00000000d8880000)
 ParOldGen       total 86016K, used 2543K [0x0000000082a00000, 0x0000000087e00000, 0x00000000d6380000)
  object space 86016K, 2% used [0x0000000082a00000,0x0000000082c7bc10,0x0000000087e00000)
 Metaspace       used 12429K, capacity 12680K, committed 12928K, reserved 1060864K
  class space    used 1545K, capacity 1663K, committed 1664K, reserved 1048576K
}
Event: 1.338 GC heap before
{Heap before GC invocations=3 (full 0):
 PSYoungGen      total 37888K, used 37857K [0x00000000d6380000, 0x00000000dad80000, 0x0000000100000000)
  eden space 32768K, 100% used [0x00000000d6380000,0x00000000d8380000,0x00000000d8380000)
  from space 5120K, 99% used [0x00000000d8880000,0x00000000d8d78738,0x00000000d8d80000)
  to   space 5120K, 0% used [0x00000000d8380000,0x00000000d8380000,0x00000000d8880000)
 ParOldGen       total 86016K, used 2543K [0x0000000082a00000, 0x0000000087e00000, 0x00000000d6380000)
  object space 86016K, 2% used [0x0000000082a00000,0x0000000082c7bc10,0x0000000087e00000)
 Metaspace       used 16381K, capacity 16790K, committed 16896K, reserved 1064960K
  class space    used 2095K, capacity 2272K, committed 2304K, reserved 1048576K
Event: 1.347 GC heap after
Heap after GC invocations=3 (full 0):
 PSYoungGen      total 37888K, used 5109K [0x00000000d6380000, 0x00000000dad80000, 0x0000000100000000)
  eden space 32768K, 0% used [0x00000000d6380000,0x00000000d6380000,0x00000000d8380000)
  from space 5120K, 99% used [0x00000000d8380000,0x00000000d887d5e8,0x00000000d8880000)
  to   space 5120K, 0% used [0x00000000da880000,0x00000000da880000,0x00000000dad80000)
 ParOldGen       total 86016K, used 5370K [0x0000000082a00000, 0x0000000087e00000, 0x00000000d6380000)
  object space 86016K, 6% used [0x0000000082a00000,0x0000000082f3eb78,0x0000000087e00000)
 Metaspace       used 16381K, capacity 16790K, committed 16896K, reserved 1064960K
  class space    used 2095K, capacity 2272K, committed 2304K, reserved 1048576K
}

Deoptimization events (10 events):
Event: 1.972 Thread 0x0000000002373800 Uncommon trap: reason=unstable_if action=reinterpret pc=0x0000000002d5c0e8 method=org.codehaus.plexus.util.xml.pull.MXParser.isS(C)Z @ 21
Event: 1.976 Thread 0x0000000002373800 Uncommon trap: reason=unstable_if action=reinterpret pc=0x0000000002cd7458 method=org.codehaus.plexus.util.xml.pull.MXParser.isS(C)Z @ 21
Event: 1.976 Thread 0x0000000002373800 Uncommon trap: reason=unstable_if action=reinterpret pc=0x0000000002c10918 method=org.codehaus.plexus.util.xml.pull.MXParser.isValidCodePoint(I)Z @ 3
Event: 1.985 Thread 0x0000000002373800 Uncommon trap: reason=unstable_if action=reinterpret pc=0x0000000002959868 method=java.lang.String.regionMatches(ZILjava/lang/String;II)Z @ 25
Event: 2.007 Thread 0x0000000002373800 Uncommon trap: reason=class_check action=maybe_recompile pc=0x0000000002d8aa88 method=java.util.regex.Pattern$7.isSatisfiedBy(I)Z @ 16
Event: 2.007 Thread 0x0000000002373800 Uncommon trap: reason=class_check action=maybe_recompile pc=0x0000000002c2c7cc method=java.util.regex.Pattern$7.isSatisfiedBy(I)Z @ 16
Event: 2.007 Thread 0x0000000002373800 Uncommon trap: reason=unstable_if action=reinterpret pc=0x00000000028ec058 method=java.util.regex.ASCII.isType(II)Z @ 6
Event: 2.007 Thread 0x0000000002373800 Uncommon trap: reason=class_check action=maybe_recompile pc=0x0000000002d8aa88 method=java.util.regex.Pattern$7.isSatisfiedBy(I)Z @ 16
Event: 2.024 Thread 0x0000000002373800 Uncommon trap: reason=class_check action=maybe_recompile pc=0x00000000029209f4 method=java.util.concurrent.ConcurrentHashMap.putVal(Ljava/lang/Object;Ljava/lang/Object;Z)Ljava/lang/Object; @ 192
Event: 2.034 Thread 0x0000000002373800 Uncommon trap: reason=unstable_if action=reinterpret pc=0x00000000029ca0fc method=java.util.HashMap.getNode(ILjava/lang/Object;)Ljava/util/HashMap$Node; @ 53

Classes redefined (0 events):
No events

Internal exceptions (10 events):
Event: 0.497 Thread 0x0000000002373800 Exception <a 'java/lang/NoClassDefFoundError': javax/enterprise/inject/Typed> (0x00000000d7b84ac8) thrown at [C:\re\workspace\8-2-build-windows-amd64-cygwin\jdk8u202\12323\hotspot\src\share\vm\classfile\systemDictionary.cpp, line 199]
Event: 0.564 Thread 0x0000000002373800 Exception <a 'java/lang/ArrayIndexOutOfBoundsException'> (0x00000000d655b6e8) thrown at [C:\re\workspace\8-2-build-windows-amd64-cygwin\jdk8u202\12323\hotspot\src\share\vm\runtime\sharedRuntime.cpp, line 605]
Event: 0.564 Thread 0x0000000002373800 Exception <a 'java/lang/ArrayIndexOutOfBoundsException'> (0x00000000d655d278) thrown at [C:\re\workspace\8-2-build-windows-amd64-cygwin\jdk8u202\12323\hotspot\src\share\vm\runtime\sharedRuntime.cpp, line 605]
Event: 1.086 Thread 0x0000000002373800 Implicit null exception at 0x000000000292ce8c to 0x000000000292d039
Event: 1.298 Thread 0x0000000002373800 Exception <a 'java/lang/NoClassDefFoundError': com/google/inject/servlet/ServletModuleTargetVisitor> (0x00000000d827d0a8) thrown at [C:\re\workspace\8-2-build-windows-amd64-cygwin\jdk8u202\12323\hotspot\src\share\vm\classfile\systemDictionary.cpp, line 19
Event: 1.298 Thread 0x0000000002373800 Exception <a 'java/lang/NoClassDefFoundError'> (0x00000000d827d0a8) thrown at [C:\re\workspace\8-2-build-windows-amd64-cygwin\jdk8u202\12323\hotspot\src\share\vm\prims\jvm.cpp, line 1506]
Event: 1.907 Thread 0x0000000002373800 Implicit null exception at 0x0000000002b968db to 0x0000000002b96d3d
Event: 1.907 Thread 0x0000000002373800 Implicit null exception at 0x00000000029c5ed5 to 0x00000000029c60a5
Event: 1.907 Thread 0x0000000002373800 Implicit null exception at 0x0000000002827d2f to 0x0000000002827d99
Event: 1.947 Thread 0x0000000002373800 Implicit null exception at 0x0000000002d45237 to 0x0000000002d45481

Events (10 events):
Event: 2.034 Thread 0x0000000002373800 DEOPT PACKING pc=0x00000000029ca0fc sp=0x000000000236d9e0
Event: 2.034 Thread 0x0000000002373800 DEOPT UNPACKING pc=0x00000000025b583b sp=0x000000000236d958 mode 2
Event: 2.034 loading class org/eclipse/aether/internal/impl/ArtifactRequestBuilder
Event: 2.034 loading class org/eclipse/aether/internal/impl/ArtifactRequestBuilder done
Event: 2.035 loading class org/eclipse/aether/util/graph/visitor/FilteringDependencyVisitor
Event: 2.035 loading class org/eclipse/aether/util/graph/visitor/FilteringDependencyVisitor done
Event: 2.035 loading class org/eclipse/aether/util/graph/visitor/Stack
Event: 2.035 loading class org/eclipse/aether/util/graph/visitor/Stack done
Event: 2.036 loading class org/eclipse/aether/util/graph/visitor/TreeDependencyVisitor
Event: 2.036 loading class org/eclipse/aether/util/graph/visitor/TreeDependencyVisitor done


Dynamic libraries:
0x00007ff6fddf0000 - 0x00007ff6fde27000 	C:\Program Files\Java\jdk1.8.0_202\bin\java.exe
0x00007ff90bcf0000 - 0x00007ff90bf07000 	C:\WINDOWS\SYSTEM32\ntdll.dll
0x00007ff90b480000 - 0x00007ff90b544000 	C:\WINDOWS\System32\KERNEL32.DLL
0x00007ff9092b0000 - 0x00007ff909656000 	C:\WINDOWS\System32\KERNELBASE.dll
0x00007ff90b560000 - 0x00007ff90b611000 	C:\WINDOWS\System32\ADVAPI32.dll
0x00007ff90aa20000 - 0x00007ff90aac7000 	C:\WINDOWS\System32\msvcrt.dll
0x00007ff909fb0000 - 0x00007ff90a055000 	C:\WINDOWS\System32\sechost.dll
0x00007ff909e90000 - 0x00007ff909fa7000 	C:\WINDOWS\System32\RPCRT4.dll
0x00007ff90b740000 - 0x00007ff90b8ee000 	C:\WINDOWS\System32\USER32.dll
0x00007ff909030000 - 0x00007ff909056000 	C:\WINDOWS\System32\win32u.dll
0x00007ff90a9f0000 - 0x00007ff90aa19000 	C:\WINDOWS\System32\GDI32.dll
0x00007ff909870000 - 0x00007ff909988000 	C:\WINDOWS\System32\gdi32full.dll
0x00007ff9097d0000 - 0x00007ff90986a000 	C:\WINDOWS\System32\msvcp_win.dll
0x00007ff909190000 - 0x00007ff9092a1000 	C:\WINDOWS\System32\ucrtbase.dll
0x00007ff8eab90000 - 0x00007ff8eae23000 	C:\WINDOWS\WinSxS\amd64_microsoft.windows.common-controls_6595b64144ccf1df_6.0.22621.2506_none_270c5ae97388e100\COMCTL32.dll
0x00007ff90bc40000 - 0x00007ff90bc71000 	C:\WINDOWS\System32\IMM32.DLL
0x00007ff8eaa80000 - 0x00007ff8eab88000 	C:\Program Files (x86)\Citrix\ICA Client\epclient64.dll
0x00007ff908100000 - 0x00007ff908134000 	C:\WINDOWS\SYSTEM32\ntmarta.dll
0x00007ff9089c0000 - 0x00007ff9089e8000 	C:\WINDOWS\SYSTEM32\bcrypt.dll
0x00007ff909990000 - 0x00007ff909a0a000 	C:\WINDOWS\System32\bcryptprimitives.dll
0x0000000059910000 - 0x00000000599e2000 	C:\Program Files\Java\jdk1.8.0_202\jre\bin\msvcr100.dll
0x0000000059060000 - 0x0000000059905000 	C:\Program Files\Java\jdk1.8.0_202\jre\bin\server\jvm.dll
0x00007ff90b6b0000 - 0x00007ff90b6b8000 	C:\WINDOWS\System32\PSAPI.DLL
0x00007ff902810000 - 0x00007ff902819000 	C:\WINDOWS\SYSTEM32\WSOCK32.dll
0x00007ff90a060000 - 0x00007ff90a0d1000 	C:\WINDOWS\System32\WS2_32.dll
0x00007ff901b10000 - 0x00007ff901b44000 	C:\WINDOWS\SYSTEM32\WINMM.dll
0x00007ff901560000 - 0x00007ff90156a000 	C:\WINDOWS\SYSTEM32\VERSION.dll
0x00007ff8fddd0000 - 0x00007ff8fdddf000 	C:\Program Files\Java\jdk1.8.0_202\jre\bin\verify.dll
0x00007ff8d6520000 - 0x00007ff8d6549000 	C:\Program Files\Java\jdk1.8.0_202\jre\bin\java.dll
0x00007ff8fd8c0000 - 0x00007ff8fd8d6000 	C:\Program Files\Java\jdk1.8.0_202\jre\bin\zip.dll
0x00007ff90a190000 - 0x00007ff90a9ea000 	C:\WINDOWS\System32\SHELL32.dll
0x00007ff906f00000 - 0x00007ff9077f6000 	C:\WINDOWS\SYSTEM32\windows.storage.dll
0x00007ff90ae70000 - 0x00007ff90b1f9000 	C:\WINDOWS\System32\combase.dll
0x00007ff906dc0000 - 0x00007ff906efe000 	C:\WINDOWS\SYSTEM32\wintypes.dll
0x00007ff90b380000 - 0x00007ff90b473000 	C:\WINDOWS\System32\SHCORE.dll
0x00007ff90ada0000 - 0x00007ff90adfe000 	C:\WINDOWS\System32\shlwapi.dll
0x00007ff908f60000 - 0x00007ff908f86000 	C:\WINDOWS\SYSTEM32\profapi.dll
0x00007ff8fab40000 - 0x00007ff8fab5a000 	C:\Program Files\Java\jdk1.8.0_202\jre\bin\net.dll
0x00007ff8f6fc0000 - 0x00007ff8f71b0000 	C:\WINDOWS\SYSTEM32\urlmon.dll
0x00007ff8f50d0000 - 0x00007ff8f538c000 	C:\WINDOWS\SYSTEM32\iertutil.dll
0x00007ff8f5390000 - 0x00007ff8f53b8000 	C:\WINDOWS\SYSTEM32\srvcli.dll
0x00007ff907d70000 - 0x00007ff907d7c000 	C:\WINDOWS\SYSTEM32\netutils.dll
0x00007ff908560000 - 0x00007ff9085c9000 	C:\WINDOWS\system32\mswsock.dll
0x00007ff8fa790000 - 0x00007ff8fa7a2000 	C:\Program Files\Java\jdk1.8.0_202\jre\bin\nio.dll
0x0000000069ac0000 - 0x0000000069ae4000 	C:\Program Files\NetBeans-19\netbeans\java\maven\lib\jansi-native\Windows\x86_64\jansi.dll

VM Arguments:
jvm_args: -Dclassworlds.conf=C:\Program Files\NetBeans-19\netbeans\java\maven\bin\m2.conf -Dmaven.home=C:\Program Files\NetBeans-19\netbeans\java\maven -Dlibrary.jansi.path=C:\Program Files\NetBeans-19\netbeans\java\maven\lib\jansi-native -Dmaven.multiModuleProjectDirectory=C:\Java\Netbeans\FactorSeguroDeVida\FactorSeguroDeVida 
java_command: org.codehaus.plexus.classworlds.launcher.Launcher -Dexec.vmArgs= -Dexec.args=${exec.vmArgs} -classpath %classpath ${exec.mainClass} ${exec.appArgs} -Dexec.appArgs= -Dexec.mainClass=FactorSeguroDeVida -Dexec.executable=C:\Program Files\Java\jdk1.8.0_202\bin\java.exe -Dmaven.ext.class.path=C:\Program Files\NetBeans-19\netbeans\java\maven-nblib\netbeans-eventspy.jar -Dfile.encoding=UTF-8 --no-transfer-progress process-classes org.codehaus.mojo:exec-maven-plugin:3.1.0:exec
java_class_path (initial): C:\Program Files\NetBeans-19\netbeans\java\maven\boot\plexus-classworlds-2.7.0.jar
Launcher Type: SUN_STANDARD

Environment Variables:
JAVA_HOME=C:\Program Files\Java\jdk1.8.0_202
PATH=C:\oracleXE\dbhomeXE\bin;C:\Program Files (x86)\Common Files\Oracle\Java\javapath;C:\Program Files\Python310\Scripts\;C:\Program Files\Python310\;C:\Program Files\Common Files\Oracle\Java\javapath;C:\Windows\system32;C:\Windows;C:\Windows\System32\Wbem;C:\Windows\System32\WindowsPowerShell\v1.0\;C:\Windows\System32\OpenSSH\;C:\Program Files (x86)\NVIDIA Corporation\PhysX\Common;C:\Program Files\NVIDIA Corporation\NVIDIA NvDLISR;C:\WINDOWS\system32;C:\WINDOWS;C:\WINDOWS\System32\Wbem;C:\WINDOWS\System32\WindowsPowerShell\v1.0\;C:\WINDOWS\System32\OpenSSH\;C:\Java\JDK1.7.0.2\bin;C:\Program Files\Microsoft SQL Server\Client SDK\ODBC\130\Tools\Binn\;C:\Program Files\Azure Data Studio\bin;C:\Program Files\nodejs\;C:\Program Files\Microsoft SQL Server\Client SDK\ODBC\170\Tools\Binn\;C:\Program Files (x86)\Microsoft SQL Server\150\Tools\Binn\;C:\Program Files\Microsoft SQL Server\150\Tools\Binn\;C:\Program Files\Microsoft SQL Server\150\DTS\Binn\;C:\Program Files (x86)\Microsoft SQL Server\160\DTS\Binn\;C:\Program Files\Microsoft SQL Server\130\Tools\Binn\;C:\Program Files (x86)\dotnet\;C:\Program Files\dotnet\;C:\Program Files\Git\cmd;"C:\Users\C_CAR\AppData\Local\Microsoft\WindowsApps;C:\Java\JDK1.7.0.2\bin";C:\Program Files\Azure Data Studio\bin;C:\Users\C_CAR\AppData\Roaming\npm;C:\Users\C_CAR\AppData\Local\atom\bin;C:\Users\C_CAR\AppData\Local\Microsoft\WindowsApps;C:\Users\C_CAR\.dotnet\tools;C:\Users\C_CAR\AppData\Local\Programs\Microsoft VS Code\bin
USERNAME=C_CAR
OS=Windows_NT
PROCESSOR_IDENTIFIER=Intel64 Family 6 Model 165 Stepping 2, GenuineIntel



---------------  S Y S T E M  ---------------

OS: Windows 10.0 , 64 bit Build 22621 (10.0.22621.2506)

CPU:total 8 (initial active 8) (4 cores per cpu, 2 threads per core) family 6 model 165 stepping 2, cmov, cx8, fxsr, mmx, sse, sse2, sse3, ssse3, sse4.1, sse4.2, popcnt, avx, avx2, aes, clmul, erms, 3dnowpref, lzcnt, ht, tsc, tscinvbit, bmi1, bmi2, adx

Memory: 4k page, physical 8215604k(499644k free), swap 33381428k(5584k free)

vm_info: Java HotSpot(TM) 64-Bit Server VM (25.202-b08) for windows-amd64 JRE (1.8.0_202-b08), built on Dec 15 2018 19:54:30 by "java_re" with MS VC++ 10.0 (VS2010)

time: Thu Jan 04 22:20:01 2024
timezone: Hora est. Pacífico, Sudamérica
elapsed time: 2 seconds (0d 0h 0m 2s)

